{"/Users/tosaojiru/src/repos/websites/submodules/inboxcritters/js/demo.js": {"path":"/Users/tosaojiru/src/repos/websites/submodules/inboxcritters/js/demo.js","statementMap":{"0":{"start":{"line":2,"column":0},"end":{"line":263,"column":5}},"1":{"start":{"line":5,"column":19},"end":{"line":5,"column":20}},"2":{"start":{"line":6,"column":30},"end":{"line":6,"column":34}},"3":{"start":{"line":7,"column":30},"end":{"line":7,"column":34}},"4":{"start":{"line":8,"column":21},"end":{"line":11,"column":3}},"5":{"start":{"line":13,"column":20},"end":{"line":13,"column":22}},"6":{"start":{"line":14,"column":20},"end":{"line":14,"column":21}},"7":{"start":{"line":15,"column":20},"end":{"line":15,"column":21}},"8":{"start":{"line":16,"column":21},"end":{"line":16,"column":25}},"9":{"start":{"line":25,"column":4},"end":{"line":25,"column":48}},"10":{"start":{"line":26,"column":4},"end":{"line":26,"column":25}},"11":{"start":{"line":26,"column":18},"end":{"line":26,"column":25}},"12":{"start":{"line":27,"column":4},"end":{"line":27,"column":58}},"13":{"start":{"line":28,"column":4},"end":{"line":28,"column":56}},"14":{"start":{"line":29,"column":4},"end":{"line":29,"column":54}},"15":{"start":{"line":30,"column":4},"end":{"line":30,"column":56}},"16":{"start":{"line":31,"column":4},"end":{"line":31,"column":56}},"17":{"start":{"line":32,"column":4},"end":{"line":32,"column":54}},"18":{"start":{"line":33,"column":4},"end":{"line":33,"column":56}},"19":{"start":{"line":35,"column":4},"end":{"line":35,"column":48}},"20":{"start":{"line":36,"column":4},"end":{"line":38,"column":7}},"21":{"start":{"line":37,"column":6},"end":{"line":37,"column":65}},"22":{"start":{"line":37,"column":31},"end":{"line":37,"column":50}},"23":{"start":{"line":37,"column":51},"end":{"line":37,"column":63}},"24":{"start":{"line":40,"column":4},"end":{"line":40,"column":24}},"25":{"start":{"line":41,"column":4},"end":{"line":41,"column":19}},"26":{"start":{"line":45,"column":4},"end":{"line":45,"column":32}},"27":{"start":{"line":46,"column":4},"end":{"line":46,"column":67}},"28":{"start":{"line":52,"column":17},"end":{"line":52,"column":37}},"29":{"start":{"line":53,"column":4},"end":{"line":53,"column":22}},"30":{"start":{"line":53,"column":15},"end":{"line":53,"column":22}},"31":{"start":{"line":54,"column":4},"end":{"line":54,"column":74}},"32":{"start":{"line":54,"column":35},"end":{"line":54,"column":64}},"33":{"start":{"line":54,"column":65},"end":{"line":54,"column":72}},"34":{"start":{"line":55,"column":4},"end":{"line":55,"column":23}},"35":{"start":{"line":56,"column":4},"end":{"line":56,"column":20}},"36":{"start":{"line":57,"column":4},"end":{"line":57,"column":20}},"37":{"start":{"line":61,"column":16},"end":{"line":61,"column":24}},"38":{"start":{"line":62,"column":16},"end":{"line":62,"column":45}},"39":{"start":{"line":63,"column":4},"end":{"line":63,"column":35}},"40":{"start":{"line":64,"column":4},"end":{"line":64,"column":35}},"41":{"start":{"line":65,"column":4},"end":{"line":65,"column":29}},"42":{"start":{"line":66,"column":4},"end":{"line":66,"column":65}},"43":{"start":{"line":67,"column":4},"end":{"line":67,"column":73}},"44":{"start":{"line":68,"column":4},"end":{"line":68,"column":73}},"45":{"start":{"line":69,"column":4},"end":{"line":69,"column":67}},"46":{"start":{"line":70,"column":4},"end":{"line":70,"column":29}},"47":{"start":{"line":71,"column":4},"end":{"line":71,"column":18}},"48":{"start":{"line":72,"column":4},"end":{"line":72,"column":56}},"49":{"start":{"line":73,"column":4},"end":{"line":73,"column":19}},"50":{"start":{"line":79,"column":19},"end":{"line":79,"column":24}},"51":{"start":{"line":79,"column":36},"end":{"line":79,"column":37}},"52":{"start":{"line":79,"column":49},"end":{"line":79,"column":50}},"53":{"start":{"line":81,"column":4},"end":{"line":100,"column":7}},"54":{"start":{"line":82,"column":18},"end":{"line":82,"column":54}},"55":{"start":{"line":83,"column":6},"end":{"line":83,"column":51}},"56":{"start":{"line":83,"column":44},"end":{"line":83,"column":51}},"57":{"start":{"line":84,"column":6},"end":{"line":84,"column":25}},"58":{"start":{"line":85,"column":6},"end":{"line":85,"column":40}},"59":{"start":{"line":86,"column":6},"end":{"line":86,"column":22}},"60":{"start":{"line":88,"column":16},"end":{"line":88,"column":42}},"61":{"start":{"line":89,"column":6},"end":{"line":89,"column":35}},"62":{"start":{"line":90,"column":6},"end":{"line":90,"column":34}},"63":{"start":{"line":93,"column":6},"end":{"line":93,"column":41}},"64":{"start":{"line":94,"column":6},"end":{"line":94,"column":34}},"65":{"start":{"line":95,"column":6},"end":{"line":95,"column":40}},"66":{"start":{"line":96,"column":6},"end":{"line":96,"column":40}},"67":{"start":{"line":97,"column":6},"end":{"line":97,"column":34}},"68":{"start":{"line":98,"column":6},"end":{"line":98,"column":33}},"69":{"start":{"line":99,"column":6},"end":{"line":99,"column":39}},"70":{"start":{"line":102,"column":4},"end":{"line":106,"column":7}},"71":{"start":{"line":103,"column":6},"end":{"line":103,"column":28}},"72":{"start":{"line":103,"column":21},"end":{"line":103,"column":28}},"73":{"start":{"line":104,"column":6},"end":{"line":104,"column":51}},"74":{"start":{"line":105,"column":6},"end":{"line":105,"column":51}},"75":{"start":{"line":108,"column":4},"end":{"line":127,"column":7}},"76":{"start":{"line":109,"column":6},"end":{"line":109,"column":28}},"77":{"start":{"line":109,"column":21},"end":{"line":109,"column":28}},"78":{"start":{"line":110,"column":6},"end":{"line":110,"column":23}},"79":{"start":{"line":111,"column":6},"end":{"line":111,"column":42}},"80":{"start":{"line":112,"column":6},"end":{"line":112,"column":27}},"81":{"start":{"line":113,"column":6},"end":{"line":113,"column":27}},"82":{"start":{"line":115,"column":21},"end":{"line":115,"column":54}},"83":{"start":{"line":116,"column":6},"end":{"line":126,"column":7}},"84":{"start":{"line":117,"column":8},"end":{"line":117,"column":38}},"85":{"start":{"line":120,"column":23},"end":{"line":120,"column":55}},"86":{"start":{"line":121,"column":23},"end":{"line":121,"column":49}},"87":{"start":{"line":122,"column":8},"end":{"line":122,"column":39}},"88":{"start":{"line":123,"column":8},"end":{"line":123,"column":63}},"89":{"start":{"line":124,"column":8},"end":{"line":124,"column":63}},"90":{"start":{"line":125,"column":8},"end":{"line":125,"column":32}},"91":{"start":{"line":131,"column":4},"end":{"line":131,"column":39}},"92":{"start":{"line":131,"column":26},"end":{"line":131,"column":37}},"93":{"start":{"line":135,"column":20},"end":{"line":135,"column":62}},"94":{"start":{"line":136,"column":4},"end":{"line":139,"column":5}},"95":{"start":{"line":137,"column":16},"end":{"line":137,"column":41}},"96":{"start":{"line":138,"column":6},"end":{"line":138,"column":79}},"97":{"start":{"line":138,"column":70},"end":{"line":138,"column":79}},"98":{"start":{"line":140,"column":4},"end":{"line":140,"column":16}},"99":{"start":{"line":146,"column":16},"end":{"line":146,"column":52}},"100":{"start":{"line":147,"column":4},"end":{"line":147,"column":35}},"101":{"start":{"line":147,"column":28},"end":{"line":147,"column":35}},"102":{"start":{"line":148,"column":4},"end":{"line":148,"column":22}},"103":{"start":{"line":150,"column":18},"end":{"line":150,"column":60}},"104":{"start":{"line":151,"column":4},"end":{"line":151,"column":68}},"105":{"start":{"line":152,"column":4},"end":{"line":152,"column":32}},"106":{"start":{"line":153,"column":4},"end":{"line":153,"column":58}},"107":{"start":{"line":153,"column":21},"end":{"line":153,"column":51}},"108":{"start":{"line":155,"column":4},"end":{"line":155,"column":41}},"109":{"start":{"line":156,"column":4},"end":{"line":156,"column":67}},"110":{"start":{"line":156,"column":21},"end":{"line":156,"column":60}},"111":{"start":{"line":159,"column":4},"end":{"line":159,"column":28}},"112":{"start":{"line":160,"column":4},"end":{"line":160,"column":28}},"113":{"start":{"line":161,"column":4},"end":{"line":161,"column":28}},"114":{"start":{"line":162,"column":4},"end":{"line":162,"column":28}},"115":{"start":{"line":163,"column":4},"end":{"line":163,"column":37}},"116":{"start":{"line":164,"column":4},"end":{"line":164,"column":39}},"117":{"start":{"line":164,"column":21},"end":{"line":164,"column":32}},"118":{"start":{"line":166,"column":4},"end":{"line":166,"column":19}},"119":{"start":{"line":167,"column":4},"end":{"line":167,"column":20}},"120":{"start":{"line":173,"column":21},"end":{"line":173,"column":61}},"121":{"start":{"line":173,"column":38},"end":{"line":173,"column":60}},"122":{"start":{"line":174,"column":4},"end":{"line":174,"column":38}},"123":{"start":{"line":174,"column":31},"end":{"line":174,"column":38}},"124":{"start":{"line":177,"column":4},"end":{"line":177,"column":46}},"125":{"start":{"line":178,"column":4},"end":{"line":178,"column":31}},"126":{"start":{"line":179,"column":4},"end":{"line":179,"column":43}},"127":{"start":{"line":181,"column":4},"end":{"line":187,"column":26}},"128":{"start":{"line":182,"column":6},"end":{"line":182,"column":48}},"129":{"start":{"line":183,"column":22},"end":{"line":183,"column":62}},"130":{"start":{"line":183,"column":39},"end":{"line":183,"column":61}},"131":{"start":{"line":184,"column":6},"end":{"line":186,"column":7}},"132":{"start":{"line":185,"column":8},"end":{"line":185,"column":70}},"133":{"start":{"line":191,"column":4},"end":{"line":191,"column":22}},"134":{"start":{"line":192,"column":4},"end":{"line":192,"column":18}},"135":{"start":{"line":193,"column":4},"end":{"line":193,"column":42}},"136":{"start":{"line":194,"column":4},"end":{"line":194,"column":44}},"137":{"start":{"line":194,"column":21},"end":{"line":194,"column":36}},"138":{"start":{"line":195,"column":4},"end":{"line":195,"column":45}},"139":{"start":{"line":196,"column":4},"end":{"line":196,"column":19}},"140":{"start":{"line":197,"column":4},"end":{"line":197,"column":20}},"141":{"start":{"line":203,"column":4},"end":{"line":203,"column":30}},"142":{"start":{"line":204,"column":4},"end":{"line":204,"column":40}},"143":{"start":{"line":205,"column":4},"end":{"line":205,"column":67}},"144":{"start":{"line":205,"column":21},"end":{"line":205,"column":59}},"145":{"start":{"line":211,"column":20},"end":{"line":211,"column":60}},"146":{"start":{"line":212,"column":4},"end":{"line":212,"column":25}},"147":{"start":{"line":212,"column":18},"end":{"line":212,"column":25}},"148":{"start":{"line":213,"column":14},"end":{"line":213,"column":61}},"149":{"start":{"line":213,"column":31},"end":{"line":213,"column":53}},"150":{"start":{"line":214,"column":4},"end":{"line":214,"column":76}},"151":{"start":{"line":218,"column":4},"end":{"line":218,"column":34}},"152":{"start":{"line":218,"column":27},"end":{"line":218,"column":34}},"153":{"start":{"line":219,"column":22},"end":{"line":219,"column":62}},"154":{"start":{"line":219,"column":39},"end":{"line":219,"column":61}},"155":{"start":{"line":220,"column":4},"end":{"line":220,"column":37}},"156":{"start":{"line":220,"column":30},"end":{"line":220,"column":37}},"157":{"start":{"line":221,"column":4},"end":{"line":221,"column":32}},"158":{"start":{"line":222,"column":4},"end":{"line":222,"column":33}},"159":{"start":{"line":226,"column":20},"end":{"line":226,"column":62}},"160":{"start":{"line":227,"column":18},"end":{"line":227,"column":20}},"161":{"start":{"line":228,"column":4},"end":{"line":232,"column":7}},"162":{"start":{"line":229,"column":20},"end":{"line":229,"column":69}},"163":{"start":{"line":230,"column":20},"end":{"line":230,"column":83}},"164":{"start":{"line":231,"column":6},"end":{"line":231,"column":54}},"165":{"start":{"line":231,"column":21},"end":{"line":231,"column":54}},"166":{"start":{"line":234,"column":4},"end":{"line":241,"column":14}},"167":{"start":{"line":242,"column":4},"end":{"line":242,"column":44}},"168":{"start":{"line":243,"column":4},"end":{"line":243,"column":84}},"169":{"start":{"line":247,"column":4},"end":{"line":247,"column":21}},"170":{"start":{"line":248,"column":4},"end":{"line":248,"column":20}},"171":{"start":{"line":249,"column":4},"end":{"line":249,"column":20}},"172":{"start":{"line":251,"column":4},"end":{"line":251,"column":70}},"173":{"start":{"line":251,"column":57},"end":{"line":251,"column":68}},"174":{"start":{"line":252,"column":4},"end":{"line":252,"column":92}},"175":{"start":{"line":252,"column":68},"end":{"line":252,"column":88}},"176":{"start":{"line":254,"column":4},"end":{"line":254,"column":47}},"177":{"start":{"line":255,"column":4},"end":{"line":255,"column":29}},"178":{"start":{"line":257,"column":4},"end":{"line":257,"column":24}},"179":{"start":{"line":258,"column":4},"end":{"line":258,"column":19}},"180":{"start":{"line":259,"column":4},"end":{"line":259,"column":20}},"181":{"start":{"line":262,"column":2},"end":{"line":262,"column":54}}},"fnMap":{"0":{"name":"(anonymous_0)","decl":{"start":{"line":2,"column":1},"end":{"line":2,"column":2}},"loc":{"start":{"line":2,"column":13},"end":{"line":263,"column":1}},"line":2},"1":{"name":"init","decl":{"start":{"line":24,"column":11},"end":{"line":24,"column":15}},"loc":{"start":{"line":24,"column":18},"end":{"line":42,"column":3}},"line":24},"2":{"name":"(anonymous_2)","decl":{"start":{"line":36,"column":40},"end":{"line":36,"column":41}},"loc":{"start":{"line":36,"column":45},"end":{"line":38,"column":5}},"line":36},"3":{"name":"startCritterTimer","decl":{"start":{"line":44,"column":11},"end":{"line":44,"column":28}},"loc":{"start":{"line":44,"column":31},"end":{"line":47,"column":3}},"line":44},"4":{"name":"handleAdd","decl":{"start":{"line":51,"column":11},"end":{"line":51,"column":20}},"loc":{"start":{"line":51,"column":23},"end":{"line":58,"column":3}},"line":51},"5":{"name":"createOrb","decl":{"start":{"line":60,"column":11},"end":{"line":60,"column":20}},"loc":{"start":{"line":60,"column":27},"end":{"line":74,"column":3}},"line":60},"6":{"name":"setupDrag","decl":{"start":{"line":78,"column":11},"end":{"line":78,"column":20}},"loc":{"start":{"line":78,"column":25},"end":{"line":128,"column":3}},"line":78},"7":{"name":"(anonymous_7)","decl":{"start":{"line":81,"column":39},"end":{"line":81,"column":40}},"loc":{"start":{"line":81,"column":44},"end":{"line":100,"column":5}},"line":81},"8":{"name":"(anonymous_8)","decl":{"start":{"line":102,"column":39},"end":{"line":102,"column":40}},"loc":{"start":{"line":102,"column":44},"end":{"line":106,"column":5}},"line":102},"9":{"name":"(anonymous_9)","decl":{"start":{"line":108,"column":37},"end":{"line":108,"column":38}},"loc":{"start":{"line":108,"column":42},"end":{"line":127,"column":5}},"line":108},"10":{"name":"orbById","decl":{"start":{"line":130,"column":11},"end":{"line":130,"column":18}},"loc":{"start":{"line":130,"column":23},"end":{"line":132,"column":3}},"line":130},"11":{"name":"(anonymous_11)","decl":{"start":{"line":131,"column":21},"end":{"line":131,"column":22}},"loc":{"start":{"line":131,"column":26},"end":{"line":131,"column":37}},"line":131},"12":{"name":"getBucketAt","decl":{"start":{"line":134,"column":11},"end":{"line":134,"column":22}},"loc":{"start":{"line":134,"column":29},"end":{"line":141,"column":3}},"line":134},"13":{"name":"dropOrbIntoBucket","decl":{"start":{"line":145,"column":11},"end":{"line":145,"column":28}},"loc":{"start":{"line":145,"column":41},"end":{"line":168,"column":3}},"line":145},"14":{"name":"(anonymous_14)","decl":{"start":{"line":153,"column":15},"end":{"line":153,"column":16}},"loc":{"start":{"line":153,"column":21},"end":{"line":153,"column":51}},"line":153},"15":{"name":"(anonymous_15)","decl":{"start":{"line":156,"column":15},"end":{"line":156,"column":16}},"loc":{"start":{"line":156,"column":21},"end":{"line":156,"column":60}},"line":156},"16":{"name":"(anonymous_16)","decl":{"start":{"line":164,"column":15},"end":{"line":164,"column":16}},"loc":{"start":{"line":164,"column":21},"end":{"line":164,"column":32}},"line":164},"17":{"name":"launchCritter","decl":{"start":{"line":172,"column":11},"end":{"line":172,"column":24}},"loc":{"start":{"line":172,"column":27},"end":{"line":188,"column":3}},"line":172},"18":{"name":"(anonymous_18)","decl":{"start":{"line":173,"column":33},"end":{"line":173,"column":34}},"loc":{"start":{"line":173,"column":38},"end":{"line":173,"column":60}},"line":173},"19":{"name":"(anonymous_19)","decl":{"start":{"line":181,"column":15},"end":{"line":181,"column":16}},"loc":{"start":{"line":181,"column":21},"end":{"line":187,"column":5}},"line":181},"20":{"name":"(anonymous_20)","decl":{"start":{"line":183,"column":34},"end":{"line":183,"column":35}},"loc":{"start":{"line":183,"column":39},"end":{"line":183,"column":61}},"line":183},"21":{"name":"stealOrb","decl":{"start":{"line":190,"column":11},"end":{"line":190,"column":19}},"loc":{"start":{"line":190,"column":25},"end":{"line":198,"column":3}},"line":190},"22":{"name":"(anonymous_22)","decl":{"start":{"line":194,"column":15},"end":{"line":194,"column":16}},"loc":{"start":{"line":194,"column":21},"end":{"line":194,"column":36}},"line":194},"23":{"name":"showToast","decl":{"start":{"line":202,"column":11},"end":{"line":202,"column":20}},"loc":{"start":{"line":202,"column":26},"end":{"line":206,"column":3}},"line":202},"24":{"name":"(anonymous_24)","decl":{"start":{"line":205,"column":15},"end":{"line":205,"column":16}},"loc":{"start":{"line":205,"column":21},"end":{"line":205,"column":59}},"line":205},"25":{"name":"updateStatus","decl":{"start":{"line":210,"column":11},"end":{"line":210,"column":23}},"loc":{"start":{"line":210,"column":26},"end":{"line":215,"column":3}},"line":210},"26":{"name":"(anonymous_26)","decl":{"start":{"line":213,"column":26},"end":{"line":213,"column":27}},"loc":{"start":{"line":213,"column":31},"end":{"line":213,"column":53}},"line":213},"27":{"name":"checkComplete","decl":{"start":{"line":217,"column":11},"end":{"line":217,"column":24}},"loc":{"start":{"line":217,"column":27},"end":{"line":223,"column":3}},"line":217},"28":{"name":"(anonymous_28)","decl":{"start":{"line":219,"column":34},"end":{"line":219,"column":35}},"loc":{"start":{"line":219,"column":39},"end":{"line":219,"column":61}},"line":219},"29":{"name":"showSummary","decl":{"start":{"line":225,"column":11},"end":{"line":225,"column":22}},"loc":{"start":{"line":225,"column":25},"end":{"line":244,"column":3}},"line":225},"30":{"name":"(anonymous_30)","decl":{"start":{"line":228,"column":20},"end":{"line":228,"column":21}},"loc":{"start":{"line":228,"column":25},"end":{"line":232,"column":5}},"line":228},"31":{"name":"resetDemo","decl":{"start":{"line":246,"column":11},"end":{"line":246,"column":20}},"loc":{"start":{"line":246,"column":23},"end":{"line":260,"column":3}},"line":246},"32":{"name":"(anonymous_32)","decl":{"start":{"line":251,"column":51},"end":{"line":251,"column":52}},"loc":{"start":{"line":251,"column":57},"end":{"line":251,"column":68}},"line":251},"33":{"name":"(anonymous_33)","decl":{"start":{"line":252,"column":61},"end":{"line":252,"column":62}},"loc":{"start":{"line":252,"column":66},"end":{"line":252,"column":90}},"line":252}},"branchMap":{"0":{"loc":{"start":{"line":26,"column":4},"end":{"line":26,"column":25}},"type":"if","locations":[{"start":{"line":26,"column":4},"end":{"line":26,"column":25}},{"start":{},"end":{}}],"line":26},"1":{"loc":{"start":{"line":37,"column":6},"end":{"line":37,"column":65}},"type":"if","locations":[{"start":{"line":37,"column":6},"end":{"line":37,"column":65}},{"start":{},"end":{}}],"line":37},"2":{"loc":{"start":{"line":53,"column":4},"end":{"line":53,"column":22}},"type":"if","locations":[{"start":{"line":53,"column":4},"end":{"line":53,"column":22}},{"start":{},"end":{}}],"line":53},"3":{"loc":{"start":{"line":54,"column":4},"end":{"line":54,"column":74}},"type":"if","locations":[{"start":{"line":54,"column":4},"end":{"line":54,"column":74}},{"start":{},"end":{}}],"line":54},"4":{"loc":{"start":{"line":83,"column":6},"end":{"line":83,"column":51}},"type":"if","locations":[{"start":{"line":83,"column":6},"end":{"line":83,"column":51}},{"start":{},"end":{}}],"line":83},"5":{"loc":{"start":{"line":83,"column":10},"end":{"line":83,"column":42}},"type":"binary-expr","locations":[{"start":{"line":83,"column":10},"end":{"line":83,"column":14}},{"start":{"line":83,"column":18},"end":{"line":83,"column":28}},{"start":{"line":83,"column":32},"end":{"line":83,"column":42}}],"line":83},"6":{"loc":{"start":{"line":103,"column":6},"end":{"line":103,"column":28}},"type":"if","locations":[{"start":{"line":103,"column":6},"end":{"line":103,"column":28}},{"start":{},"end":{}}],"line":103},"7":{"loc":{"start":{"line":109,"column":6},"end":{"line":109,"column":28}},"type":"if","locations":[{"start":{"line":109,"column":6},"end":{"line":109,"column":28}},{"start":{},"end":{}}],"line":109},"8":{"loc":{"start":{"line":116,"column":6},"end":{"line":126,"column":7}},"type":"if","locations":[{"start":{"line":116,"column":6},"end":{"line":126,"column":7}},{"start":{"line":118,"column":13},"end":{"line":126,"column":7}}],"line":116},"9":{"loc":{"start":{"line":138,"column":6},"end":{"line":138,"column":79}},"type":"if","locations":[{"start":{"line":138,"column":6},"end":{"line":138,"column":79}},{"start":{},"end":{}}],"line":138},"10":{"loc":{"start":{"line":138,"column":10},"end":{"line":138,"column":68}},"type":"binary-expr","locations":[{"start":{"line":138,"column":10},"end":{"line":138,"column":21}},{"start":{"line":138,"column":25},"end":{"line":138,"column":37}},{"start":{"line":138,"column":41},"end":{"line":138,"column":51}},{"start":{"line":138,"column":55},"end":{"line":138,"column":68}}],"line":138},"11":{"loc":{"start":{"line":147,"column":4},"end":{"line":147,"column":35}},"type":"if","locations":[{"start":{"line":147,"column":4},"end":{"line":147,"column":35}},{"start":{},"end":{}}],"line":147},"12":{"loc":{"start":{"line":147,"column":8},"end":{"line":147,"column":26}},"type":"binary-expr","locations":[{"start":{"line":147,"column":8},"end":{"line":147,"column":12}},{"start":{"line":147,"column":16},"end":{"line":147,"column":26}}],"line":147},"13":{"loc":{"start":{"line":173,"column":38},"end":{"line":173,"column":60}},"type":"binary-expr","locations":[{"start":{"line":173,"column":38},"end":{"line":173,"column":47}},{"start":{"line":173,"column":51},"end":{"line":173,"column":60}}],"line":173},"14":{"loc":{"start":{"line":174,"column":4},"end":{"line":174,"column":38}},"type":"if","locations":[{"start":{"line":174,"column":4},"end":{"line":174,"column":38}},{"start":{},"end":{}}],"line":174},"15":{"loc":{"start":{"line":183,"column":39},"end":{"line":183,"column":61}},"type":"binary-expr","locations":[{"start":{"line":183,"column":39},"end":{"line":183,"column":48}},{"start":{"line":183,"column":52},"end":{"line":183,"column":61}}],"line":183},"16":{"loc":{"start":{"line":184,"column":6},"end":{"line":186,"column":7}},"type":"if","locations":[{"start":{"line":184,"column":6},"end":{"line":186,"column":7}},{"start":{},"end":{}}],"line":184},"17":{"loc":{"start":{"line":212,"column":4},"end":{"line":212,"column":25}},"type":"if","locations":[{"start":{"line":212,"column":4},"end":{"line":212,"column":25}},{"start":{},"end":{}}],"line":212},"18":{"loc":{"start":{"line":213,"column":31},"end":{"line":213,"column":53}},"type":"binary-expr","locations":[{"start":{"line":213,"column":31},"end":{"line":213,"column":40}},{"start":{"line":213,"column":44},"end":{"line":213,"column":53}}],"line":213},"19":{"loc":{"start":{"line":214,"column":26},"end":{"line":214,"column":75}},"type":"cond-expr","locations":[{"start":{"line":214,"column":36},"end":{"line":214,"column":52}},{"start":{"line":214,"column":55},"end":{"line":214,"column":75}}],"line":214},"20":{"loc":{"start":{"line":218,"column":4},"end":{"line":218,"column":34}},"type":"if","locations":[{"start":{"line":218,"column":4},"end":{"line":218,"column":34}},{"start":{},"end":{}}],"line":218},"21":{"loc":{"start":{"line":219,"column":39},"end":{"line":219,"column":61}},"type":"binary-expr","locations":[{"start":{"line":219,"column":39},"end":{"line":219,"column":48}},{"start":{"line":219,"column":52},"end":{"line":219,"column":61}}],"line":219},"22":{"loc":{"start":{"line":220,"column":4},"end":{"line":220,"column":37}},"type":"if","locations":[{"start":{"line":220,"column":4},"end":{"line":220,"column":37}},{"start":{},"end":{}}],"line":220},"23":{"loc":{"start":{"line":231,"column":6},"end":{"line":231,"column":54}},"type":"if","locations":[{"start":{"line":231,"column":6},"end":{"line":231,"column":54}},{"start":{},"end":{}}],"line":231},"24":{"loc":{"start":{"line":238,"column":10},"end":{"line":238,"column":94}},"type":"cond-expr","locations":[{"start":{"line":238,"column":25},"end":{"line":238,"column":89}},{"start":{"line":238,"column":92},"end":{"line":238,"column":94}}],"line":238},"25":{"loc":{"start":{"line":239,"column":10},"end":{"line":239,"column":135}},"type":"cond-expr","locations":[{"start":{"line":239,"column":28},"end":{"line":239,"column":130}},{"start":{"line":239,"column":133},"end":{"line":239,"column":135}}],"line":239},"26":{"loc":{"start":{"line":239,"column":79},"end":{"line":239,"column":105}},"type":"cond-expr","locations":[{"start":{"line":239,"column":97},"end":{"line":239,"column":100}},{"start":{"line":239,"column":103},"end":{"line":239,"column":105}}],"line":239}},"s":{"0":3,"1":3,"2":3,"3":3,"4":3,"5":3,"6":3,"7":3,"8":3,"9":3,"10":3,"11":0,"12":3,"13":3,"14":3,"15":3,"16":3,"17":3,"18":3,"19":3,"20":3,"21":0,"22":0,"23":0,"24":3,"25":3,"26":3,"27":3,"28":3,"29":3,"30":0,"31":3,"32":0,"33":0,"34":3,"35":3,"36":3,"37":3,"38":3,"39":3,"40":3,"41":3,"42":3,"43":3,"44":3,"45":3,"46":3,"47":3,"48":3,"49":3,"50":3,"51":3,"52":3,"53":3,"54":0,"55":0,"56":0,"57":0,"58":0,"59":0,"60":0,"61":0,"62":0,"63":0,"64":0,"65":0,"66":0,"67":0,"68":0,"69":0,"70":3,"71":0,"72":0,"73":0,"74":0,"75":3,"76":0,"77":0,"78":0,"79":0,"80":0,"81":0,"82":0,"83":0,"84":0,"85":0,"86":0,"87":0,"88":0,"89":0,"90":0,"91":0,"92":0,"93":0,"94":0,"95":0,"96":0,"97":0,"98":0,"99":0,"100":0,"101":0,"102":0,"103":0,"104":0,"105":0,"106":0,"107":0,"108":0,"109":0,"110":0,"111":0,"112":0,"113":0,"114":0,"115":0,"116":0,"117":0,"118":0,"119":0,"120":0,"121":0,"122":0,"123":0,"124":0,"125":0,"126":0,"127":0,"128":0,"129":0,"130":0,"131":0,"132":0,"133":0,"134":0,"135":0,"136":0,"137":0,"138":0,"139":0,"140":0,"141":0,"142":0,"143":0,"144":0,"145":6,"146":6,"147":0,"148":6,"149":4,"150":6,"151":0,"152":0,"153":0,"154":0,"155":0,"156":0,"157":0,"158":0,"159":0,"160":0,"161":0,"162":0,"163":0,"164":0,"165":0,"166":0,"167":0,"168":0,"169":0,"170":0,"171":0,"172":0,"173":0,"174":0,"175":0,"176":0,"177":0,"178":0,"179":0,"180":0,"181":3},"f":{"0":3,"1":3,"2":0,"3":3,"4":3,"5":3,"6":3,"7":0,"8":0,"9":0,"10":0,"11":0,"12":0,"13":0,"14":0,"15":0,"16":0,"17":0,"18":0,"19":0,"20":0,"21":0,"22":0,"23":0,"24":0,"25":6,"26":4,"27":0,"28":0,"29":0,"30":0,"31":0,"32":0,"33":0},"b":{"0":[0,3],"1":[0,0],"2":[0,3],"3":[0,3],"4":[0,0],"5":[0,0,0],"6":[0,0],"7":[0,0],"8":[0,0],"9":[0,0],"10":[0,0,0,0],"11":[0,0],"12":[0,0],"13":[0,0],"14":[0,0],"15":[0,0],"16":[0,0],"17":[0,6],"18":[4,4],"19":[2,4],"20":[0,0],"21":[0,0],"22":[0,0],"23":[0,0],"24":[0,0],"25":[0,0],"26":[0,0]},"inputSourceMap":null,"_coverageSchema":"1a1c01bbd47fc00a2c39e90264f33305004495a9","hash":"8832a4eb0e26a651507938760a47d0385c1051fe"}
}
