TN:
SF:js/demo.js
FN:2,(anonymous_0)
FN:24,init
FN:36,(anonymous_2)
FN:44,startCritterTimer
FN:51,handleAdd
FN:60,createOrb
FN:78,setupDrag
FN:81,(anonymous_7)
FN:102,(anonymous_8)
FN:108,(anonymous_9)
FN:130,orbById
FN:131,(anonymous_11)
FN:134,getBucketAt
FN:145,dropOrbIntoBucket
FN:153,(anonymous_14)
FN:156,(anonymous_15)
FN:164,(anonymous_16)
FN:172,launchCritter
FN:173,(anonymous_18)
FN:181,(anonymous_19)
FN:183,(anonymous_20)
FN:190,stealOrb
FN:194,(anonymous_22)
FN:202,showToast
FN:205,(anonymous_24)
FN:210,updateStatus
FN:213,(anonymous_26)
FN:217,checkComplete
FN:219,(anonymous_28)
FN:225,showSummary
FN:228,(anonymous_30)
FN:246,resetDemo
FN:251,(anonymous_32)
FN:252,(anonymous_33)
FNF:34
FNH:8
FNDA:3,(anonymous_0)
FNDA:3,init
FNDA:0,(anonymous_2)
FNDA:3,startCritterTimer
FNDA:3,handleAdd
FNDA:3,createOrb
FNDA:3,setupDrag
FNDA:0,(anonymous_7)
FNDA:0,(anonymous_8)
FNDA:0,(anonymous_9)
FNDA:0,orbById
FNDA:0,(anonymous_11)
FNDA:0,getBucketAt
FNDA:0,dropOrbIntoBucket
FNDA:0,(anonymous_14)
FNDA:0,(anonymous_15)
FNDA:0,(anonymous_16)
FNDA:0,launchCritter
FNDA:0,(anonymous_18)
FNDA:0,(anonymous_19)
FNDA:0,(anonymous_20)
FNDA:0,stealOrb
FNDA:0,(anonymous_22)
FNDA:0,showToast
FNDA:0,(anonymous_24)
FNDA:6,updateStatus
FNDA:4,(anonymous_26)
FNDA:0,checkComplete
FNDA:0,(anonymous_28)
FNDA:0,showSummary
FNDA:0,(anonymous_30)
FNDA:0,resetDemo
FNDA:0,(anonymous_32)
FNDA:0,(anonymous_33)
DA:2,3
DA:5,3
DA:6,3
DA:7,3
DA:8,3
DA:13,3
DA:14,3
DA:15,3
DA:16,3
DA:25,3
DA:26,3
DA:27,3
DA:28,3
DA:29,3
DA:30,3
DA:31,3
DA:32,3
DA:33,3
DA:35,3
DA:36,3
DA:37,0
DA:40,3
DA:41,3
DA:45,3
DA:46,3
DA:52,3
DA:53,3
DA:54,3
DA:55,3
DA:56,3
DA:57,3
DA:61,3
DA:62,3
DA:63,3
DA:64,3
DA:65,3
DA:66,3
DA:67,3
DA:68,3
DA:69,3
DA:70,3
DA:71,3
DA:72,3
DA:73,3
DA:79,3
DA:81,3
DA:82,0
DA:83,0
DA:84,0
DA:85,0
DA:86,0
DA:88,0
DA:89,0
DA:90,0
DA:93,0
DA:94,0
DA:95,0
DA:96,0
DA:97,0
DA:98,0
DA:99,0
DA:102,3
DA:103,0
DA:104,0
DA:105,0
DA:108,3
DA:109,0
DA:110,0
DA:111,0
DA:112,0
DA:113,0
DA:115,0
DA:116,0
DA:117,0
DA:120,0
DA:121,0
DA:122,0
DA:123,0
DA:124,0
DA:125,0
DA:131,0
DA:135,0
DA:136,0
DA:137,0
DA:138,0
DA:140,0
DA:146,0
DA:147,0
DA:148,0
DA:150,0
DA:151,0
DA:152,0
DA:153,0
DA:155,0
DA:156,0
DA:159,0
DA:160,0
DA:161,0
DA:162,0
DA:163,0
DA:164,0
DA:166,0
DA:167,0
DA:173,0
DA:174,0
DA:177,0
DA:178,0
DA:179,0
DA:181,0
DA:182,0
DA:183,0
DA:184,0
DA:185,0
DA:191,0
DA:192,0
DA:193,0
DA:194,0
DA:195,0
DA:196,0
DA:197,0
DA:203,0
DA:204,0
DA:205,0
DA:211,6
DA:212,6
DA:213,6
DA:214,6
DA:218,0
DA:219,0
DA:220,0
DA:221,0
DA:222,0
DA:226,0
DA:227,0
DA:228,0
DA:229,0
DA:230,0
DA:231,0
DA:234,0
DA:242,0
DA:243,0
DA:247,0
DA:248,0
DA:249,0
DA:251,0
DA:252,0
DA:254,0
DA:255,0
DA:257,0
DA:258,0
DA:259,0
DA:262,3
LF:152
LH:52
BRDA:26,0,0,0
BRDA:26,0,1,3
BRDA:37,1,0,0
BRDA:37,1,1,0
BRDA:53,2,0,0
BRDA:53,2,1,3
BRDA:54,3,0,0
BRDA:54,3,1,3
BRDA:83,4,0,0
BRDA:83,4,1,0
BRDA:83,5,0,0
BRDA:83,5,1,0
BRDA:83,5,2,0
BRDA:103,6,0,0
BRDA:103,6,1,0
BRDA:109,7,0,0
BRDA:109,7,1,0
BRDA:116,8,0,0
BRDA:116,8,1,0
BRDA:138,9,0,0
BRDA:138,9,1,0
BRDA:138,10,0,0
BRDA:138,10,1,0
BRDA:138,10,2,0
BRDA:138,10,3,0
BRDA:147,11,0,0
BRDA:147,11,1,0
BRDA:147,12,0,0
BRDA:147,12,1,0
BRDA:173,13,0,0
BRDA:173,13,1,0
BRDA:174,14,0,0
BRDA:174,14,1,0
BRDA:183,15,0,0
BRDA:183,15,1,0
BRDA:184,16,0,0
BRDA:184,16,1,0
BRDA:212,17,0,0
BRDA:212,17,1,6
BRDA:213,18,0,4
BRDA:213,18,1,4
BRDA:214,19,0,2
BRDA:214,19,1,4
BRDA:218,20,0,0
BRDA:218,20,1,0
BRDA:219,21,0,0
BRDA:219,21,1,0
BRDA:220,22,0,0
BRDA:220,22,1,0
BRDA:231,23,0,0
BRDA:231,23,1,0
BRDA:238,24,0,0
BRDA:238,24,1,0
BRDA:239,25,0,0
BRDA:239,25,1,0
BRDA:239,26,0,0
BRDA:239,26,1,0
BRF:57
BRH:8
end_of_record
